{
  "RSpec": {
    "coverage": {
      "/Users/patrickellis/Desktop/sample-ruby-rethinkdb/bowling.rb": [
        1,
        1,
        null,
        1,
        1,
        1,
        null,
        1,
        1,
        1,
        null,
        1,
        null,
        null,
        null,
        null,
        null,
        1,
        null,
        1,
        1,
        null,
        null,
        1,
        1,
        null,
        null,
        null
      ]
    },
    "timestamp": 1403037213
  }
}
